[0mGET / [32m200 [0m19.058 ms - 5276[0m
[0mGET /css/public.css [32m200 [0m14.965 ms - 1938[0m
[0mGET /css/index.css [32m200 [0m19.954 ms - 10573[0m
[0mGET /js/jquery-2.1.1.min.js [32m200 [0m23.518 ms - 84245[0m
[0mGET /js/public.js [32m200 [0m9.321 ms - 867[0m
[0mGET /js/stellar.js [32m200 [0m11.798 ms - 25942[0m
[0mGET /js/index.js [32m200 [0m5.586 ms - 1988[0m
[0mGET /images/xlogo.png [32m200 [0m0.985 ms - 9945[0m
[0mGET /joinUs.html [32m200 [0m0.716 ms - 16480[0m
[0mGET /css/public.css [36m304 [0m6.696 ms - -[0m
[0mGET /css/joinUs.css [32m200 [0m13.022 ms - 9482[0m
[0mGET /js/jquery-2.1.1.min.js [36m304 [0m2.060 ms - -[0m
[0mGET /js/joinUs.js [32m200 [0m1.478 ms - 481[0m
[0mGET /js/public.js [36m304 [0m0.922 ms - -[0m
[0mGET /business.html [32m200 [0m1.508 ms - 6498[0m
[0mGET /css/public.css [36m304 [0m2.583 ms - -[0m
[0mGET /js/public.js [36m304 [0m2.911 ms - -[0m
[0mGET /js/jquery-2.1.1.min.js [36m304 [0m2.960 ms - -[0m
[0mGET /css/business.css [32m200 [0m5.321 ms - 6292[0m
[0mGET /js/joinUs.js [36m304 [0m1.488 ms - -[0m
[0mGET /contactUs.html [32m200 [0m1.945 ms - 3758[0m
[0mGET /css/public.css [36m304 [0m4.756 ms - -[0m
[0mGET /js/jquery-2.1.1.min.js [36m304 [0m5.623 ms - -[0m
[0mGET /js/public.js [36m304 [0m5.813 ms - -[0m
[0mGET /css/contactUs.css [32m200 [0m8.611 ms - 4533[0m
[0mGET /js/joinUs.js [36m304 [0m1.017 ms - -[0m
[0mGET /aboutUs.html [32m200 [0m1.401 ms - 8311[0m
[0mGET /css/public.css [36m304 [0m2.112 ms - -[0m
[0mGET /js/jquery-2.1.1.min.js [36m304 [0m2.457 ms - -[0m
[0mGET /js/public.js [36m304 [0m2.832 ms - -[0m
[0mGET /css/aboutUs.css [32m200 [0m4.620 ms - 8170[0m
[0mGET /js/swfobject.js [32m200 [0m4.082 ms - 6880[0m
[0mGET /index.html [32m200 [0m1.105 ms - 5276[0m
[0mGET /css/public.css [36m304 [0m2.014 ms - -[0m
[0mGET /css/index.css [36m304 [0m2.183 ms - -[0m
[0mGET /js/jquery-2.1.1.min.js [36m304 [0m2.109 ms - -[0m
[0mGET /js/public.js [36m304 [0m3.143 ms - -[0m
[0mGET /js/stellar.js [36m304 [0m2.478 ms - -[0m
[0mGET /js/index.js [36m304 [0m0.676 ms - -[0m
